<?xml version="1.0" encoding="UTF-8"?>
<testng-results ignored="0" total="1" passed="1" failed="0" skipped="0">
  <reporter-output>
  </reporter-output>
  <suite started-at="2023-01-30T18:13:56 CST" name="Default suite" finished-at="2023-01-30T18:13:58 CST" duration-ms="2380">
    <groups>
    </groups>
    <test started-at="2023-01-30T18:13:56 CST" name="Default test" finished-at="2023-01-30T18:13:58 CST" duration-ms="2380">
      <class name="Sample.SampleRealTimeWeatherApi">
        <test-method signature="weatherApi()[pri:0, instance:Sample.SampleRealTimeWeatherApi@4bb33f74]" started-at="2023-01-30T18:13:56 CST" name="weatherApi" finished-at="2023-01-30T18:13:58 CST" duration-ms="2325" status="PASS">
          <reporter-output>
          </reporter-output>
        </test-method> <!-- weatherApi -->
      </class> <!-- Sample.SampleRealTimeWeatherApi -->
    </test> <!-- Default test -->
  </suite> <!-- Default suite -->
</testng-results>
